<?xml version="1.0" encoding="UTF-8"?>
<!-- Generated by org.testng.reporters.JUnitReportReporter -->
<testsuite skipped="0" hostname="LAPTOP-A5GJABUP" name="com.org.testapi.TestApiGetMethod" tests="6" failures="0" timestamp="15 Apr 2021 13:51:37 GMT" time="2.412" errors="0">
  <testcase name="GetUsersData" time="0.111" classname="com.org.testapi.TestApiGetMethod"/>
  <testcase name="GetSingleUser" time="0.125" classname="com.org.testapi.TestApiGetMethod"/>
  <testcase name="GetRequestLive" time="1.154" classname="com.org.testapi.TestApiGetMethod"/>
  <testcase name="ValidateResponseForCreatedUser" time="0.260" classname="com.org.testapi.TestApiGetMethod"/>
  <testcase name="ValidateJasonForGetSingleUser" time="0.362" classname="com.org.testapi.TestApiGetMethod"/>
  <testcase name="ValidateJasonForGetSingleUser1" time="0.400" classname="com.org.testapi.TestApiGetMethod"/>
</testsuite> <!-- com.org.testapi.TestApiGetMethod -->
