<?xml version="1.0" encoding="UTF-8"?>
<!-- Generated by org.testng.reporters.JUnitReportReporter -->
<testsuite skipped="0" hostname="LAPTOP-A5GJABUP" name="com.org.testapi.GetUsers" tests="2" failures="0" timestamp="2021-03-26T13:15:13 CET" time="12.944" errors="0">
  <testcase name="GetUsersData" time="0.187" classname="com.org.testapi.GetUsers"/>
  <system-out/>
  <testcase name="GetSingleUser" time="12.757" classname="com.org.testapi.GetUsers"/>
  <system-out/>
</testsuite> <!-- com.org.testapi.GetUsers -->
