<?xml version="1.0" encoding="UTF-8"?>
<!-- Generated by org.testng.reporters.JUnitReportReporter -->
<testsuite skipped="0" hostname="LAPTOP-A5GJABUP" name="com.org.testapi.DeserializeJasonResponse" tests="1" failures="0" timestamp="2021-04-02T11:33:31 CEST" time="9.885" errors="0">
  <testcase name="ValidateJasonForGetSingleUser" time="9.885" classname="com.org.testapi.DeserializeJasonResponse"/>
  <system-out/>
</testsuite> <!-- com.org.testapi.DeserializeJasonResponse -->
