<?xml version="1.0" encoding="UTF-8"?>
<!-- Generated by org.testng.reporters.JUnitReportReporter -->
<testsuite skipped="0" hostname="LAPTOP-A5GJABUP" name="com.org.testapi.TestApi" tests="1" failures="0" timestamp="2021-03-30T14:42:42 CEST" time="9.524" errors="0">
  <testcase name="ValidateJasonForGetSingleUser1" time="9.524" classname="com.org.testapi.TestApi"/>
  <system-out/>
</testsuite> <!-- com.org.testapi.TestApi -->
