<?xml version="1.0" encoding="UTF-8"?>
<!-- Generated by org.testng.reporters.JUnitReportReporter -->
<testsuite skipped="0" hostname="LAPTOP-A5GJABUP" name="com.org.testapi.JasonResponsedataInArray" tests="2" failures="0" timestamp="15 Apr 2021 13:51:37 GMT" time="10.316" errors="0">
  <testcase name="ValidateAllSearchResulrsUsingArray" time="7.279" classname="com.org.testapi.JasonResponsedataInArray"/>
  <testcase name="ValidateAllSearchResulrsUsingArray1" time="3.037" classname="com.org.testapi.JasonResponsedataInArray"/>
</testsuite> <!-- com.org.testapi.JasonResponsedataInArray -->
