<?xml version="1.0" encoding="UTF-8"?>
<!-- Generated by org.testng.reporters.JUnitReportReporter -->
<testsuite skipped="0" hostname="LAPTOP-A5GJABUP" name="com.org.testapi.TestApiPostMethod" tests="2" failures="0" timestamp="15 Apr 2021 13:51:37 GMT" time="0.487" errors="0">
  <testcase name="ValidateResponseForCreatedUser" time="0.305" classname="com.org.testapi.TestApiPostMethod"/>
  <testcase name="PostRequestRestAssured" time="0.182" classname="com.org.testapi.TestApiPostMethod"/>
</testsuite> <!-- com.org.testapi.TestApiPostMethod -->
